ERROR - 2022-03-04 00:11:59 --> Unknown column 'usuario.deleted_at' in 'where clause'
CRITICAL - 2022-03-04 00:11:59 --> Call to a member function getResult() on bool
#0 C:\wamp64\www\ci\system\BaseModel.php(584): CodeIgniter\Model->doFindAll(0, 0)
#1 C:\wamp64\www\ci\app\Controllers\Home.php(44): CodeIgniter\BaseModel->findAll()
#2 C:\wamp64\www\ci\app\Controllers\Home.php(73): App\Controllers\Home->mostrarRegistros()
#3 C:\wamp64\www\ci\system\CodeIgniter.php(825): App\Controllers\Home->actualizarRegistro()
#4 C:\wamp64\www\ci\system\CodeIgniter.php(412): CodeIgniter\CodeIgniter->runController(Object(App\Controllers\Home))
#5 C:\wamp64\www\ci\system\CodeIgniter.php(320): CodeIgniter\CodeIgniter->handleRequest(NULL, Object(Config\Cache), false)
#6 C:\wamp64\www\ci\public\index.php(37): CodeIgniter\CodeIgniter->run()
#7 {main}
ERROR - 2022-03-04 00:13:03 --> Unknown column 'usuario.deleted_at' in 'where clause'
CRITICAL - 2022-03-04 00:13:03 --> Call to a member function getResult() on bool
#0 C:\wamp64\www\ci\system\BaseModel.php(584): CodeIgniter\Model->doFindAll(0, 0)
#1 C:\wamp64\www\ci\app\Controllers\Home.php(44): CodeIgniter\BaseModel->findAll()
#2 C:\wamp64\www\ci\app\Controllers\Home.php(73): App\Controllers\Home->mostrarRegistros()
#3 C:\wamp64\www\ci\system\CodeIgniter.php(825): App\Controllers\Home->actualizarRegistro()
#4 C:\wamp64\www\ci\system\CodeIgniter.php(412): CodeIgniter\CodeIgniter->runController(Object(App\Controllers\Home))
#5 C:\wamp64\www\ci\system\CodeIgniter.php(320): CodeIgniter\CodeIgniter->handleRequest(NULL, Object(Config\Cache), false)
#6 C:\wamp64\www\ci\public\index.php(37): CodeIgniter\CodeIgniter->run()
#7 {main}
ERROR - 2022-03-04 00:13:06 --> Unknown column 'usuario.deleted_at' in 'where clause'
CRITICAL - 2022-03-04 00:13:06 --> Call to a member function getResult() on bool
#0 C:\wamp64\www\ci\system\BaseModel.php(584): CodeIgniter\Model->doFindAll(0, 0)
#1 C:\wamp64\www\ci\app\Controllers\Home.php(44): CodeIgniter\BaseModel->findAll()
#2 C:\wamp64\www\ci\app\Controllers\Home.php(73): App\Controllers\Home->mostrarRegistros()
#3 C:\wamp64\www\ci\system\CodeIgniter.php(825): App\Controllers\Home->actualizarRegistro()
#4 C:\wamp64\www\ci\system\CodeIgniter.php(412): CodeIgniter\CodeIgniter->runController(Object(App\Controllers\Home))
#5 C:\wamp64\www\ci\system\CodeIgniter.php(320): CodeIgniter\CodeIgniter->handleRequest(NULL, Object(Config\Cache), false)
#6 C:\wamp64\www\ci\public\index.php(37): CodeIgniter\CodeIgniter->run()
#7 {main}
ERROR - 2022-03-04 00:13:42 --> Unknown column 'usuario.deleted_at' in 'where clause'
CRITICAL - 2022-03-04 00:13:42 --> Call to a member function getResult() on bool
#0 C:\wamp64\www\ci\system\BaseModel.php(584): CodeIgniter\Model->doFindAll(0, 0)
#1 C:\wamp64\www\ci\app\Controllers\Home.php(44): CodeIgniter\BaseModel->findAll()
#2 C:\wamp64\www\ci\app\Controllers\Home.php(73): App\Controllers\Home->mostrarRegistros()
#3 C:\wamp64\www\ci\system\CodeIgniter.php(825): App\Controllers\Home->actualizarRegistro()
#4 C:\wamp64\www\ci\system\CodeIgniter.php(412): CodeIgniter\CodeIgniter->runController(Object(App\Controllers\Home))
#5 C:\wamp64\www\ci\system\CodeIgniter.php(320): CodeIgniter\CodeIgniter->handleRequest(NULL, Object(Config\Cache), false)
#6 C:\wamp64\www\ci\public\index.php(37): CodeIgniter\CodeIgniter->run()
#7 {main}
ERROR - 2022-03-04 00:15:10 --> Unknown column 'usuario.deleted_at' in 'where clause'
CRITICAL - 2022-03-04 00:15:10 --> Call to a member function getResult() on bool
#0 C:\wamp64\www\ci\system\BaseModel.php(523): CodeIgniter\Model->doFind(false, NULL)
#1 C:\wamp64\www\ci\app\Controllers\Home.php(62): CodeIgniter\BaseModel->find(NULL)
#2 C:\wamp64\www\ci\system\CodeIgniter.php(825): App\Controllers\Home->buscarRegistro()
#3 C:\wamp64\www\ci\system\CodeIgniter.php(412): CodeIgniter\CodeIgniter->runController(Object(App\Controllers\Home))
#4 C:\wamp64\www\ci\system\CodeIgniter.php(320): CodeIgniter\CodeIgniter->handleRequest(NULL, Object(Config\Cache), false)
#5 C:\wamp64\www\ci\public\index.php(37): CodeIgniter\CodeIgniter->run()
#6 {main}
ERROR - 2022-03-04 00:15:20 --> Unknown column 'usuario.deleted_at' in 'where clause'
CRITICAL - 2022-03-04 00:15:20 --> Call to a member function getResult() on bool
#0 C:\wamp64\www\ci\system\BaseModel.php(523): CodeIgniter\Model->doFind(false, NULL)
#1 C:\wamp64\www\ci\app\Controllers\Home.php(62): CodeIgniter\BaseModel->find(NULL)
#2 C:\wamp64\www\ci\system\CodeIgniter.php(825): App\Controllers\Home->buscarRegistro()
#3 C:\wamp64\www\ci\system\CodeIgniter.php(412): CodeIgniter\CodeIgniter->runController(Object(App\Controllers\Home))
#4 C:\wamp64\www\ci\system\CodeIgniter.php(320): CodeIgniter\CodeIgniter->handleRequest(NULL, Object(Config\Cache), false)
#5 C:\wamp64\www\ci\public\index.php(37): CodeIgniter\CodeIgniter->run()
#6 {main}
ERROR - 2022-03-04 00:22:33 --> Unknown column 'usuario.deleted_at' in 'where clause'
CRITICAL - 2022-03-04 00:22:33 --> Call to a member function getResult() on bool
#0 C:\wamp64\www\ci\system\BaseModel.php(523): CodeIgniter\Model->doFind(false, NULL)
#1 C:\wamp64\www\ci\app\Controllers\Home.php(62): CodeIgniter\BaseModel->find(NULL)
#2 C:\wamp64\www\ci\system\CodeIgniter.php(825): App\Controllers\Home->buscarRegistro()
#3 C:\wamp64\www\ci\system\CodeIgniter.php(412): CodeIgniter\CodeIgniter->runController(Object(App\Controllers\Home))
#4 C:\wamp64\www\ci\system\CodeIgniter.php(320): CodeIgniter\CodeIgniter->handleRequest(NULL, Object(Config\Cache), false)
#5 C:\wamp64\www\ci\public\index.php(37): CodeIgniter\CodeIgniter->run()
#6 {main}
ERROR - 2022-03-04 00:34:54 --> Column 'nombre' cannot be null
ERROR - 2022-03-04 00:40:24 --> Unknown column 'usuario.deleted_at' in 'where clause'
CRITICAL - 2022-03-04 00:40:24 --> Call to a member function getFirstRow() on bool
#0 C:\wamp64\www\ci\system\BaseModel.php(622): CodeIgniter\Model->doFirst()
#1 C:\wamp64\www\ci\app\Controllers\Home.php(56): CodeIgniter\BaseModel->first()
#2 C:\wamp64\www\ci\system\CodeIgniter.php(825): App\Controllers\Home->ingresarForm()
#3 C:\wamp64\www\ci\system\CodeIgniter.php(412): CodeIgniter\CodeIgniter->runController(Object(App\Controllers\Home))
#4 C:\wamp64\www\ci\system\CodeIgniter.php(320): CodeIgniter\CodeIgniter->handleRequest(NULL, Object(Config\Cache), false)
#5 C:\wamp64\www\ci\public\index.php(37): CodeIgniter\CodeIgniter->run()
#6 {main}
ERROR - 2022-03-04 00:42:15 --> Unknown column 'usuario.deleted_at' in 'where clause'
CRITICAL - 2022-03-04 00:42:15 --> Call to a member function getFirstRow() on bool
#0 C:\wamp64\www\ci\system\BaseModel.php(622): CodeIgniter\Model->doFirst()
#1 C:\wamp64\www\ci\app\Controllers\Home.php(56): CodeIgniter\BaseModel->first()
#2 C:\wamp64\www\ci\system\CodeIgniter.php(825): App\Controllers\Home->ingresarForm()
#3 C:\wamp64\www\ci\system\CodeIgniter.php(412): CodeIgniter\CodeIgniter->runController(Object(App\Controllers\Home))
#4 C:\wamp64\www\ci\system\CodeIgniter.php(320): CodeIgniter\CodeIgniter->handleRequest(NULL, Object(Config\Cache), false)
#5 C:\wamp64\www\ci\public\index.php(37): CodeIgniter\CodeIgniter->run()
#6 {main}
ERROR - 2022-03-04 00:47:12 --> Unknown column 'usuario.deleted_at' in 'where clause'
CRITICAL - 2022-03-04 00:47:12 --> Call to a member function getFirstRow() on bool
#0 C:\wamp64\www\ci\system\BaseModel.php(622): CodeIgniter\Model->doFirst()
#1 C:\wamp64\www\ci\app\Controllers\Home.php(56): CodeIgniter\BaseModel->first()
#2 C:\wamp64\www\ci\system\CodeIgniter.php(825): App\Controllers\Home->ingresarForm()
#3 C:\wamp64\www\ci\system\CodeIgniter.php(412): CodeIgniter\CodeIgniter->runController(Object(App\Controllers\Home))
#4 C:\wamp64\www\ci\system\CodeIgniter.php(320): CodeIgniter\CodeIgniter->handleRequest(NULL, Object(Config\Cache), false)
#5 C:\wamp64\www\ci\public\index.php(37): CodeIgniter\CodeIgniter->run()
#6 {main}
ERROR - 2022-03-04 00:47:25 --> Unknown column 'usuario.deleted_at' in 'where clause'
CRITICAL - 2022-03-04 00:47:25 --> Call to a member function getFirstRow() on bool
#0 C:\wamp64\www\ci\system\BaseModel.php(622): CodeIgniter\Model->doFirst()
#1 C:\wamp64\www\ci\app\Controllers\Home.php(56): CodeIgniter\BaseModel->first()
#2 C:\wamp64\www\ci\system\CodeIgniter.php(825): App\Controllers\Home->ingresarForm()
#3 C:\wamp64\www\ci\system\CodeIgniter.php(412): CodeIgniter\CodeIgniter->runController(Object(App\Controllers\Home))
#4 C:\wamp64\www\ci\system\CodeIgniter.php(320): CodeIgniter\CodeIgniter->handleRequest(NULL, Object(Config\Cache), false)
#5 C:\wamp64\www\ci\public\index.php(37): CodeIgniter\CodeIgniter->run()
#6 {main}
ERROR - 2022-03-04 00:51:04 --> Unknown column 'usuario.deleted_at' in 'where clause'
CRITICAL - 2022-03-04 00:51:04 --> Call to a member function getFirstRow() on bool
#0 C:\wamp64\www\ci\system\BaseModel.php(622): CodeIgniter\Model->doFirst()
#1 C:\wamp64\www\ci\app\Controllers\Home.php(56): CodeIgniter\BaseModel->first()
#2 C:\wamp64\www\ci\system\CodeIgniter.php(825): App\Controllers\Home->ingresarForm()
#3 C:\wamp64\www\ci\system\CodeIgniter.php(412): CodeIgniter\CodeIgniter->runController(Object(App\Controllers\Home))
#4 C:\wamp64\www\ci\system\CodeIgniter.php(320): CodeIgniter\CodeIgniter->handleRequest(NULL, Object(Config\Cache), false)
#5 C:\wamp64\www\ci\public\index.php(37): CodeIgniter\CodeIgniter->run()
#6 {main}
ERROR - 2022-03-04 00:53:04 --> Unknown column 'usuario.deleted_at' in 'where clause'
CRITICAL - 2022-03-04 00:53:04 --> Call to a member function getFirstRow() on bool
#0 C:\wamp64\www\ci\system\BaseModel.php(622): CodeIgniter\Model->doFirst()
#1 C:\wamp64\www\ci\app\Controllers\Home.php(56): CodeIgniter\BaseModel->first()
#2 C:\wamp64\www\ci\system\CodeIgniter.php(825): App\Controllers\Home->ingresarForm()
#3 C:\wamp64\www\ci\system\CodeIgniter.php(412): CodeIgniter\CodeIgniter->runController(Object(App\Controllers\Home))
#4 C:\wamp64\www\ci\system\CodeIgniter.php(320): CodeIgniter\CodeIgniter->handleRequest(NULL, Object(Config\Cache), false)
#5 C:\wamp64\www\ci\public\index.php(37): CodeIgniter\CodeIgniter->run()
#6 {main}
ERROR - 2022-03-04 01:00:56 --> Unknown column 'usuario.deleted_at' in 'where clause'
CRITICAL - 2022-03-04 01:00:56 --> Call to a member function getFirstRow() on bool
#0 C:\wamp64\www\ci\system\BaseModel.php(622): CodeIgniter\Model->doFirst()
#1 C:\wamp64\www\ci\app\Controllers\Home.php(56): CodeIgniter\BaseModel->first()
#2 C:\wamp64\www\ci\system\CodeIgniter.php(825): App\Controllers\Home->ingresarForm()
#3 C:\wamp64\www\ci\system\CodeIgniter.php(412): CodeIgniter\CodeIgniter->runController(Object(App\Controllers\Home))
#4 C:\wamp64\www\ci\system\CodeIgniter.php(320): CodeIgniter\CodeIgniter->handleRequest(NULL, Object(Config\Cache), false)
#5 C:\wamp64\www\ci\public\index.php(37): CodeIgniter\CodeIgniter->run()
#6 {main}
ERROR - 2022-03-04 01:02:25 --> Unknown column 'usuario.deleted_at' in 'where clause'
CRITICAL - 2022-03-04 01:02:25 --> Call to a member function getFirstRow() on bool
#0 C:\wamp64\www\ci\system\BaseModel.php(622): CodeIgniter\Model->doFirst()
#1 C:\wamp64\www\ci\app\Controllers\Home.php(56): CodeIgniter\BaseModel->first()
#2 C:\wamp64\www\ci\system\CodeIgniter.php(825): App\Controllers\Home->ingresarForm()
#3 C:\wamp64\www\ci\system\CodeIgniter.php(412): CodeIgniter\CodeIgniter->runController(Object(App\Controllers\Home))
#4 C:\wamp64\www\ci\system\CodeIgniter.php(320): CodeIgniter\CodeIgniter->handleRequest(NULL, Object(Config\Cache), false)
#5 C:\wamp64\www\ci\public\index.php(37): CodeIgniter\CodeIgniter->run()
#6 {main}
ERROR - 2022-03-04 01:05:19 --> Unknown column 'usuario.deleted_at' in 'where clause'
CRITICAL - 2022-03-04 01:05:19 --> Call to a member function getFirstRow() on bool
#0 C:\wamp64\www\ci\system\BaseModel.php(622): CodeIgniter\Model->doFirst()
#1 C:\wamp64\www\ci\app\Controllers\Home.php(76): CodeIgniter\BaseModel->first()
#2 C:\wamp64\www\ci\system\CodeIgniter.php(825): App\Controllers\Home->ingresarForm()
#3 C:\wamp64\www\ci\system\CodeIgniter.php(412): CodeIgniter\CodeIgniter->runController(Object(App\Controllers\Home))
#4 C:\wamp64\www\ci\system\CodeIgniter.php(320): CodeIgniter\CodeIgniter->handleRequest(NULL, Object(Config\Cache), false)
#5 C:\wamp64\www\ci\public\index.php(37): CodeIgniter\CodeIgniter->run()
#6 {main}
ERROR - 2022-03-04 01:05:52 --> Unknown column 'usuario.deleted_at' in 'where clause'
CRITICAL - 2022-03-04 01:05:52 --> Call to a member function getFirstRow() on bool
#0 C:\wamp64\www\ci\system\BaseModel.php(622): CodeIgniter\Model->doFirst()
#1 C:\wamp64\www\ci\app\Controllers\Home.php(76): CodeIgniter\BaseModel->first()
#2 C:\wamp64\www\ci\system\CodeIgniter.php(825): App\Controllers\Home->ingresarForm()
#3 C:\wamp64\www\ci\system\CodeIgniter.php(412): CodeIgniter\CodeIgniter->runController(Object(App\Controllers\Home))
#4 C:\wamp64\www\ci\system\CodeIgniter.php(320): CodeIgniter\CodeIgniter->handleRequest(NULL, Object(Config\Cache), false)
#5 C:\wamp64\www\ci\public\index.php(37): CodeIgniter\CodeIgniter->run()
#6 {main}
ERROR - 2022-03-04 01:05:58 --> Unknown column 'usuario.deleted_at' in 'where clause'
CRITICAL - 2022-03-04 01:05:58 --> Call to a member function getFirstRow() on bool
#0 C:\wamp64\www\ci\system\BaseModel.php(622): CodeIgniter\Model->doFirst()
#1 C:\wamp64\www\ci\app\Controllers\Home.php(76): CodeIgniter\BaseModel->first()
#2 C:\wamp64\www\ci\system\CodeIgniter.php(825): App\Controllers\Home->ingresarForm()
#3 C:\wamp64\www\ci\system\CodeIgniter.php(412): CodeIgniter\CodeIgniter->runController(Object(App\Controllers\Home))
#4 C:\wamp64\www\ci\system\CodeIgniter.php(320): CodeIgniter\CodeIgniter->handleRequest(NULL, Object(Config\Cache), false)
#5 C:\wamp64\www\ci\public\index.php(37): CodeIgniter\CodeIgniter->run()
#6 {main}
ERROR - 2022-03-04 01:29:20 --> Unknown column 'usuario.deleted_at' in 'where clause'
CRITICAL - 2022-03-04 01:29:20 --> Call to a member function getResult() on bool
#0 C:\wamp64\www\ci\system\BaseModel.php(523): CodeIgniter\Model->doFind(false, NULL)
#1 C:\wamp64\www\ci\app\Controllers\Home.php(65): CodeIgniter\BaseModel->find(NULL)
#2 C:\wamp64\www\ci\system\CodeIgniter.php(825): App\Controllers\Home->buscarRegistro()
#3 C:\wamp64\www\ci\system\CodeIgniter.php(412): CodeIgniter\CodeIgniter->runController(Object(App\Controllers\Home))
#4 C:\wamp64\www\ci\system\CodeIgniter.php(320): CodeIgniter\CodeIgniter->handleRequest(NULL, Object(Config\Cache), false)
#5 C:\wamp64\www\ci\public\index.php(37): CodeIgniter\CodeIgniter->run()
#6 {main}
ERROR - 2022-03-04 01:29:54 --> Unknown column 'usuario.deleted_at' in 'where clause'
CRITICAL - 2022-03-04 01:29:54 --> Call to a member function getResult() on bool
#0 C:\wamp64\www\ci\system\BaseModel.php(584): CodeIgniter\Model->doFindAll(0, 0)
#1 C:\wamp64\www\ci\app\Controllers\Home.php(46): CodeIgniter\BaseModel->findAll()
#2 C:\wamp64\www\ci\app\Controllers\Home.php(76): App\Controllers\Home->mostrarRegistros()
#3 C:\wamp64\www\ci\system\CodeIgniter.php(825): App\Controllers\Home->actualizarRegistro()
#4 C:\wamp64\www\ci\system\CodeIgniter.php(412): CodeIgniter\CodeIgniter->runController(Object(App\Controllers\Home))
#5 C:\wamp64\www\ci\system\CodeIgniter.php(320): CodeIgniter\CodeIgniter->handleRequest(NULL, Object(Config\Cache), false)
#6 C:\wamp64\www\ci\public\index.php(37): CodeIgniter\CodeIgniter->run()
#7 {main}
