CRITICAL - 2022-03-08 01:16:13 --> syntax error, unexpected ':', expecting ';' or ','
#0 C:\wamp64\www\ci\system\View\View.php(213): CodeIgniter\View\View->CodeIgniter\View\{closure}()
#1 C:\wamp64\www\ci\system\Common.php(1089): CodeIgniter\View\View->render('vRegistroEncont...', Array, true)
#2 C:\wamp64\www\ci\app\Controllers\Home.php(67): view('vRegistroEncont...', Array)
#3 C:\wamp64\www\ci\system\CodeIgniter.php(825): App\Controllers\Home->buscarRegistro()
#4 C:\wamp64\www\ci\system\CodeIgniter.php(412): CodeIgniter\CodeIgniter->runController(Object(App\Controllers\Home))
#5 C:\wamp64\www\ci\system\CodeIgniter.php(320): CodeIgniter\CodeIgniter->handleRequest(NULL, Object(Config\Cache), false)
#6 C:\wamp64\www\ci\public\index.php(37): CodeIgniter\CodeIgniter->run()
#7 {main}
CRITICAL - 2022-03-08 23:47:14 --> Argument 2 passed to view() must be of the type array, null given, called in C:\wamp64\www\ci\app\Controllers\Home.php on line 59
#0 C:\wamp64\www\ci\app\Controllers\Home.php(59): view('vIngresado', NULL)
#1 C:\wamp64\www\ci\system\CodeIgniter.php(825): App\Controllers\Home->ingresarForm()
#2 C:\wamp64\www\ci\system\CodeIgniter.php(412): CodeIgniter\CodeIgniter->runController(Object(App\Controllers\Home))
#3 C:\wamp64\www\ci\system\CodeIgniter.php(320): CodeIgniter\CodeIgniter->handleRequest(NULL, Object(Config\Cache), false)
#4 C:\wamp64\www\ci\public\index.php(37): CodeIgniter\CodeIgniter->run()
#5 {main}
CRITICAL - 2022-03-08 23:47:27 --> Argument 2 passed to view() must be of the type array, null given, called in C:\wamp64\www\ci\app\Controllers\Home.php on line 59
#0 C:\wamp64\www\ci\app\Controllers\Home.php(59): view('vIngresado', NULL)
#1 C:\wamp64\www\ci\system\CodeIgniter.php(825): App\Controllers\Home->ingresarForm()
#2 C:\wamp64\www\ci\system\CodeIgniter.php(412): CodeIgniter\CodeIgniter->runController(Object(App\Controllers\Home))
#3 C:\wamp64\www\ci\system\CodeIgniter.php(320): CodeIgniter\CodeIgniter->handleRequest(NULL, Object(Config\Cache), false)
#4 C:\wamp64\www\ci\public\index.php(37): CodeIgniter\CodeIgniter->run()
#5 {main}
